
Log started (V12.8.0.0) Mon May 28 18:25:58 2018


Problem '/home/cosc/student/jli231/eclipse-workspace/COSC364/assignment2.lp' read.
Read time = 0.01 sec. (0.05 ticks)
Infeasibility row 'DemandVolume11':  0  = 2.
Presolve time = 0.00 sec. (0.15 ticks)

Root node processing (before b&c):
  Real time             =    0.00 sec. (0.21 ticks)
Parallel b&c, 10 threads:
  Real time             =    0.00 sec. (0.00 ticks)
  Sync time (average)   =    0.00 sec.
  Wait time (average)   =    0.00 sec.
                          ------------
Total (root+branch&cut) =    0.00 sec. (0.21 ticks)


MIP - Integer infeasible.
Current MIP best bound =  0.0000000000e+00 (gap is infinite)
Solution time =    0.01 sec.  Iterations = 0  Nodes = 0
Deterministic time = 0.21 ticks  (32.41 ticks/sec)

No integer feasible solution exists.

Log started (V12.8.0.0) Mon May 28 18:28:47 2018


Problem '/home/cosc/student/jli231/eclipse-workspace/COSC364/assignment2.lp' read.
Read time = 0.00 sec. (0.05 ticks)
Infeasibility row 'DemandVolume11':  0  = 2.
Presolve time = 0.00 sec. (0.15 ticks)

Root node processing (before b&c):
  Real time             =    0.00 sec. (0.21 ticks)
Parallel b&c, 10 threads:
  Real time             =    0.00 sec. (0.00 ticks)
  Sync time (average)   =    0.00 sec.
  Wait time (average)   =    0.00 sec.
                          ------------
Total (root+branch&cut) =    0.00 sec. (0.21 ticks)


MIP - Integer infeasible.
Current MIP best bound =  0.0000000000e+00 (gap is infinite)
Solution time =    0.01 sec.  Iterations = 0  Nodes = 0
Deterministic time = 0.21 ticks  (23.94 ticks/sec)

No integer feasible solution exists.

Log started (V12.8.0.0) Mon May 28 18:33:55 2018


Problem '/home/cosc/student/jli231/eclipse-workspace/COSC364/assignment2.lp' read.
Read time = 0.00 sec. (0.05 ticks)
Infeasibility row 'DemandVolume11':  0  = 2.
Presolve time = 0.00 sec. (0.15 ticks)

Root node processing (before b&c):
  Real time             =    0.00 sec. (0.21 ticks)
Parallel b&c, 10 threads:
  Real time             =    0.00 sec. (0.00 ticks)
  Sync time (average)   =    0.00 sec.
  Wait time (average)   =    0.00 sec.
                          ------------
Total (root+branch&cut) =    0.00 sec. (0.21 ticks)


MIP - Integer infeasible.
Current MIP best bound =  0.0000000000e+00 (gap is infinite)
Solution time =    0.01 sec.  Iterations = 0  Nodes = 0
Deterministic time = 0.21 ticks  (13.87 ticks/sec)

No integer feasible solution exists.

Log started (V12.8.0.0) Mon May 28 18:34:47 2018


Problem '/home/cosc/student/jli231/eclipse-workspace/COSC364/assignment2.lp' read.
Read time = 0.00 sec. (0.05 ticks)
Infeasibility row 'DemandVolume11':  0  = 2.
Presolve time = 0.00 sec. (0.15 ticks)

Root node processing (before b&c):
  Real time             =    0.00 sec. (0.21 ticks)
Parallel b&c, 10 threads:
  Real time             =    0.00 sec. (0.00 ticks)
  Sync time (average)   =    0.00 sec.
  Wait time (average)   =    0.00 sec.
                          ------------
Total (root+branch&cut) =    0.00 sec. (0.21 ticks)


MIP - Integer infeasible.
Current MIP best bound =  0.0000000000e+00 (gap is infinite)
Solution time =    0.00 sec.  Iterations = 0  Nodes = 0
Deterministic time = 0.21 ticks  (42.77 ticks/sec)

No integer feasible solution exists.

Log started (V12.8.0.0) Mon May 28 19:48:20 2018

File '/home/cosc/student/jli231/eclipse-workspace/COSC364/assignment2.lp' not found.
No file read.
No problem exists.
No problem exists.
